Performing C SOURCE FILE Test CMAKE_HAVE_LIBC_PTHREAD failed with the following output:
Change Dir: /home/artur/UM/inesctec/random_walker/build/CMakeFiles/CMakeTmp

Run Build Command(s):/nix/store/1pms77gm9l4rw8k180wmklagcwsya605-gnumake-4.3/bin/make cmTC_4673a/fast && /nix/store/1pms77gm9l4rw8k180wmklagcwsya605-gnumake-4.3/bin/make  -f CMakeFiles/cmTC_4673a.dir/build.make CMakeFiles/cmTC_4673a.dir/build
make[1]: a entrar na pasta "/home/artur/UM/inesctec/random_walker/build/CMakeFiles/CMakeTmp"
Building C object CMakeFiles/cmTC_4673a.dir/src.c.o
/nix/store/d2fqghv083a8q7j8sjb2m5q6i840h691-gcc-wrapper-10.2.0/bin/gcc -DCMAKE_HAVE_LIBC_PTHREAD   -o CMakeFiles/cmTC_4673a.dir/src.c.o -c /home/artur/UM/inesctec/random_walker/build/CMakeFiles/CMakeTmp/src.c
Linking C executable cmTC_4673a
/nix/store/bjkbc8d0m8l0gszr10dbvidcyjlq6m6z-cmake-3.19.2/bin/cmake -E cmake_link_script CMakeFiles/cmTC_4673a.dir/link.txt --verbose=1
/nix/store/d2fqghv083a8q7j8sjb2m5q6i840h691-gcc-wrapper-10.2.0/bin/gcc -rdynamic CMakeFiles/cmTC_4673a.dir/src.c.o -o cmTC_4673a 
/nix/store/c1gipyfc161lm0fqfg65k4ak7yl2i17i-binutils-2.34/bin/ld: CMakeFiles/cmTC_4673a.dir/src.c.o: in function `main':
src.c:(.text.startup+0x23): undefined reference to `pthread_create'
/nix/store/c1gipyfc161lm0fqfg65k4ak7yl2i17i-binutils-2.34/bin/ld: src.c:(.text.startup+0x2c): undefined reference to `pthread_detach'
/nix/store/c1gipyfc161lm0fqfg65k4ak7yl2i17i-binutils-2.34/bin/ld: src.c:(.text.startup+0x35): undefined reference to `pthread_cancel'
/nix/store/c1gipyfc161lm0fqfg65k4ak7yl2i17i-binutils-2.34/bin/ld: src.c:(.text.startup+0x40): undefined reference to `pthread_join'
collect2: error: ld returned 1 exit status
make[1]: *** [CMakeFiles/cmTC_4673a.dir/build.make:106: cmTC_4673a] Erro 1
make[1]: a sair da pasta "/home/artur/UM/inesctec/random_walker/build/CMakeFiles/CMakeTmp"
make: *** [Makefile:140: cmTC_4673a/fast] Erro 2


Source file was:
#include <pthread.h>

static void* test_func(void* data)
{
  return data;
}

int main(void)
{
  pthread_t thread;
  pthread_create(&thread, NULL, test_func, NULL);
  pthread_detach(thread);
  pthread_cancel(thread);
  pthread_join(thread, NULL);
  pthread_atfork(NULL, NULL, NULL);
  pthread_exit(NULL);

  return 0;
}

Determining if the function pthread_create exists in the pthreads failed with the following output:
Change Dir: /home/artur/UM/inesctec/random_walker/build/CMakeFiles/CMakeTmp

Run Build Command(s):/nix/store/1pms77gm9l4rw8k180wmklagcwsya605-gnumake-4.3/bin/make cmTC_c11c1/fast && /nix/store/1pms77gm9l4rw8k180wmklagcwsya605-gnumake-4.3/bin/make  -f CMakeFiles/cmTC_c11c1.dir/build.make CMakeFiles/cmTC_c11c1.dir/build
make[1]: a entrar na pasta "/home/artur/UM/inesctec/random_walker/build/CMakeFiles/CMakeTmp"
Building C object CMakeFiles/cmTC_c11c1.dir/CheckFunctionExists.c.o
/nix/store/d2fqghv083a8q7j8sjb2m5q6i840h691-gcc-wrapper-10.2.0/bin/gcc   -DCHECK_FUNCTION_EXISTS=pthread_create -o CMakeFiles/cmTC_c11c1.dir/CheckFunctionExists.c.o -c /nix/store/bjkbc8d0m8l0gszr10dbvidcyjlq6m6z-cmake-3.19.2/share/cmake-3.19/Modules/CheckFunctionExists.c
Linking C executable cmTC_c11c1
/nix/store/bjkbc8d0m8l0gszr10dbvidcyjlq6m6z-cmake-3.19.2/bin/cmake -E cmake_link_script CMakeFiles/cmTC_c11c1.dir/link.txt --verbose=1
/nix/store/d2fqghv083a8q7j8sjb2m5q6i840h691-gcc-wrapper-10.2.0/bin/gcc  -DCHECK_FUNCTION_EXISTS=pthread_create -rdynamic CMakeFiles/cmTC_c11c1.dir/CheckFunctionExists.c.o -o cmTC_c11c1  -lpthreads 
/nix/store/c1gipyfc161lm0fqfg65k4ak7yl2i17i-binutils-2.34/bin/ld: cannot find -lpthreads
collect2: error: ld returned 1 exit status
make[1]: *** [CMakeFiles/cmTC_c11c1.dir/build.make:106: cmTC_c11c1] Erro 1
make[1]: a sair da pasta "/home/artur/UM/inesctec/random_walker/build/CMakeFiles/CMakeTmp"
make: *** [Makefile:140: cmTC_c11c1/fast] Erro 2



